#
# There is insufficient memory for the Java Runtime Environment to continue.
# Native memory allocation (malloc) failed to allocate 35952 bytes for Chunk::new
# Possible reasons:
#   The system is out of physical RAM or swap space
#   The process is running with CompressedOops enabled, and the Java Heap may be blocking the growth of the native heap
# Possible solutions:
#   Reduce memory load on the system
#   Increase physical memory or swap space
#   Check if swap backing store is full
#   Decrease Java heap size (-Xmx/-Xms)
#   Decrease number of Java threads
#   Decrease Java thread stack sizes (-Xss)
#   Set larger code cache with -XX:ReservedCodeCacheSize=
#   JVM is running with Unscaled Compressed Oops mode in which the Java heap is
#     placed in the first 4GB address space. The Java Heap base address is the
#     maximum limit for the native heap growth. Please use -XX:HeapBaseMinAddress
#     to set the Java Heap base and to place the Java Heap above 4GB virtual address.
# This output file may be truncated or incomplete.
#
#  Out of Memory Error (allocation.cpp:390), pid=70216, tid=0x00000000000118f4
#
# JRE version:  (8.0_192-b12) (build )
# Java VM: Java HotSpot(TM) 64-Bit Server VM (25.192-b12 mixed mode windows-amd64 compressed oops)
# Failed to write core dump. Minidumps are not enabled by default on client versions of Windows
#

---------------  T H R E A D  ---------------

Current thread (0x00000000027e2800):  JavaThread "main" [_thread_in_native, id=71924, stack(0x00000000026e0000,0x00000000027e0000)]

Stack: [0x00000000026e0000,0x00000000027e0000]
[error occurred during error reporting (printing stack bounds), id 0xc0000005]

Native frames: (J=compiled Java code, j=interpreted, Vv=VM code, C=native code)

Java frames: (J=compiled Java code, j=interpreted, Vv=VM code)
j  java.lang.String.<init>([CII)V+75
j  java.lang.String.substring(II)Ljava/lang/String;+75
j  java.util.concurrent.atomic.AtomicReferenceFieldUpdater$AtomicReferenceFieldUpdaterImpl.getPackageName(Ljava/lang/Class;)Ljava/lang/String;+20
j  java.util.concurrent.atomic.AtomicReferenceFieldUpdater$AtomicReferenceFieldUpdaterImpl.isSamePackage(Ljava/lang/Class;Ljava/lang/Class;)Z+12
j  java.util.concurrent.atomic.AtomicReferenceFieldUpdater$AtomicReferenceFieldUpdaterImpl.<init>(Ljava/lang/Class;Ljava/lang/Class;Ljava/lang/String;Ljava/lang/Class;)V+189
j  java.util.concurrent.atomic.AtomicReferenceFieldUpdater.newUpdater(Ljava/lang/Class;Ljava/lang/Class;Ljava/lang/String;)Ljava/util/concurrent/atomic/AtomicReferenceFieldUpdater;+10
j  java.io.BufferedInputStream.<clinit>()V+17
v  ~StubRoutines::call_stub
j  java.lang.System.initializeSystemClass()V+70
v  ~StubRoutines::call_stub

---------------  P R O C E S S  ---------------

Java Threads: ( => current thread )
  0x00000000028d5000 JavaThread "Finalizer" daemon [_thread_blocked, id=69780, stack(0x0000000018580000,0x0000000018680000)]
  0x00000000028d2000 JavaThread "Reference Handler" daemon [_thread_blocked, id=98136, stack(0x0000000018480000,0x0000000018580000)]
=>0x00000000027e2800 JavaThread "main" [_thread_in_native, id=71924, stack(0x00000000026e0000,0x00000000027e0000)]

Other Threads:
  0x00000000172d7800 VMThread [stack: 0x0000000018380000,0x0000000018480000] [id=23768]

VM state:not at safepoint (normal execution)

VM Mutex/Monitor currently owned by a thread: None

heap address: 0x0000000083600000, size: 1994 MB, Compressed Oops mode: 32-bit
Narrow klass base: 0x0000000000000000, Narrow klass shift: 3
Compressed class space size: 1073741824 Address: 0x0000000100000000

Heap:
 PSYoungGen      total 37888K, used 655K [0x00000000d6780000, 0x00000000d9180000, 0x0000000100000000)
  eden space 32768K, 2% used [0x00000000d6780000,0x00000000d6823d80,0x00000000d8780000)
  from space 5120K, 0% used [0x00000000d8c80000,0x00000000d8c80000,0x00000000d9180000)
  to   space 5120K, 0% used [0x00000000d8780000,0x00000000d8780000,0x00000000d8c80000)
 ParOldGen       total 86016K, used 0K [0x0000000083600000, 0x0000000088a00000, 0x00000000d6780000)
  object space 86016K, 0% used [0x0000000083600000,0x0000000083600000,0x0000000088a00000)
 Metaspace       used 1267K, capacity 4480K, committed 4480K, reserved 1056768K
  class space    used 139K, capacity 384K, committed 384K, reserved 1048576K

Card table byte_map: [0x0000000011ca0000,0x0000000012090000] byte_map_base: 0x0000000011885000

Marking Bits: (ParMarkBitMap*) 0x000000005cd03ce0
 Begin Bits: [0x0000000012730000, 0x0000000014658000)
 End Bits:   [0x0000000014658000, 0x0000000016580000)

Polling page: 0x0000000000d70000

CodeCache: size=245760Kb used=406Kb max_used=406Kb free=245353Kb
 bounds [0x00000000028e0000, 0x0000000002b50000, 0x00000000118e0000]
 total_blobs=105 nmethods=0 adapters=79
 compilation: enabled

Compilation events (0 events):
No events

GC Heap History (0 events):
No events

Deoptimization events (0 events):
No events

Classes redefined (0 events):
No events

Internal exceptions (2 events):
Event: 0.087 Thread 0x00000000027e2800 Exception <a 'java/lang/NoSuchMethodError': Method sun.misc.Unsafe.defineClass(Ljava/lang/String;[BII)Ljava/lang/Class; name or signature does not match> (0x00000000d6787cb0) thrown at [C:\workspace\8-2-build-windows-amd64-cygwin\jdk8u192\11897\hotspot\sr
Event: 0.087 Thread 0x00000000027e2800 Exception <a 'java/lang/NoSuchMethodError': Method sun.misc.Unsafe.prefetchRead(Ljava/lang/Object;J)V name or signature does not match> (0x00000000d6787f98) thrown at [C:\workspace\8-2-build-windows-amd64-cygwin\jdk8u192\11897\hotspot\src\share\vm\prims\j

Events (10 events):
Event: 0.101 loading class java/lang/ClassValue$ClassValueMap done
Event: 0.101 loading class java/lang/reflect/Modifier
Event: 0.101 loading class java/lang/reflect/Modifier done
Event: 0.102 loading class java/lang/reflect/ReflectAccess
Event: 0.102 loading class sun/reflect/LangReflectAccess
Event: 0.102 loading class sun/reflect/LangReflectAccess done
Event: 0.102 loading class java/lang/reflect/ReflectAccess done
Event: 0.102 loading class sun/reflect/misc/ReflectUtil
Event: 0.102 loading class sun/reflect/misc/ReflectUtil done
Event: 0.102 loading class java/util/Arrays


Dynamic libraries:
0x00007ff6a1360000 - 0x00007ff6a1397000 	C:\Program Files\Java\jdk1.8.0_192\bin\java.exe
0x00007ffe0f720000 - 0x00007ffe0f910000 	C:\WINDOWS\SYSTEM32\ntdll.dll
0x00007ffe0dd70000 - 0x00007ffe0de22000 	C:\WINDOWS\System32\KERNEL32.DLL
0x00007ffe0d1d0000 - 0x00007ffe0d473000 	C:\WINDOWS\System32\KERNELBASE.dll
0x00007ffe0daa0000 - 0x00007ffe0db43000 	C:\WINDOWS\System32\ADVAPI32.dll
0x00007ffe0f5c0000 - 0x00007ffe0f65e000 	C:\WINDOWS\System32\msvcrt.dll
0x00007ffe0dc90000 - 0x00007ffe0dd27000 	C:\WINDOWS\System32\sechost.dll
0x00007ffe0e590000 - 0x00007ffe0e6b0000 	C:\WINDOWS\System32\RPCRT4.dll
0x00007ffe0d850000 - 0x00007ffe0d9e4000 	C:\WINDOWS\System32\USER32.dll
0x00007ffe0ce90000 - 0x00007ffe0ceb1000 	C:\WINDOWS\System32\win32u.dll
0x00007ffe0f590000 - 0x00007ffe0f5b6000 	C:\WINDOWS\System32\GDI32.dll
0x00007ffe0d010000 - 0x00007ffe0d1a4000 	C:\WINDOWS\System32\gdi32full.dll
0x00007ffe0d730000 - 0x00007ffe0d7ce000 	C:\WINDOWS\System32\msvcp_win.dll
0x00007ffe0d500000 - 0x00007ffe0d5fa000 	C:\WINDOWS\System32\ucrtbase.dll
0x00007ffe00460000 - 0x00007ffe006e5000 	C:\WINDOWS\WinSxS\amd64_microsoft.windows.common-controls_6595b64144ccf1df_6.0.18362.476_none_e6c4b11b130f2595\COMCTL32.dll
0x00007ffe0f090000 - 0x00007ffe0f3c6000 	C:\WINDOWS\System32\combase.dll
0x00007ffe0d480000 - 0x00007ffe0d500000 	C:\WINDOWS\System32\bcryptPrimitives.dll
0x00007ffe0dd40000 - 0x00007ffe0dd6e000 	C:\WINDOWS\System32\IMM32.DLL
0x000000005dbb0000 - 0x000000005dc81000 	C:\Program Files\Java\jdk1.8.0_192\jre\bin\msvcr100.dll
0x000000005c4e0000 - 0x000000005cd83000 	C:\Program Files\Java\jdk1.8.0_192\jre\bin\server\jvm.dll
0x00007ffe0dbb0000 - 0x00007ffe0dbb8000 	C:\WINDOWS\System32\PSAPI.DLL
0x00007ffdfdd70000 - 0x00007ffdfdd79000 	C:\WINDOWS\SYSTEM32\WSOCK32.dll
0x00007ffe05590000 - 0x00007ffe055b4000 	C:\WINDOWS\SYSTEM32\WINMM.dll
0x00007ffe06b10000 - 0x00007ffe06b1a000 	C:\WINDOWS\SYSTEM32\VERSION.dll
0x00007ffe05560000 - 0x00007ffe0558d000 	C:\WINDOWS\SYSTEM32\WINMMBASE.dll
0x00007ffe0d600000 - 0x00007ffe0d64a000 	C:\WINDOWS\System32\cfgmgr32.dll
0x00007ffe0e3f0000 - 0x00007ffe0e45f000 	C:\WINDOWS\System32\WS2_32.dll
0x00007ffe09b70000 - 0x00007ffe09b7f000 	C:\Program Files\Java\jdk1.8.0_192\jre\bin\verify.dll
0x00007ffdffdd0000 - 0x00007ffdffdf9000 	C:\Program Files\Java\jdk1.8.0_192\jre\bin\java.dll
0x00007ffe082e0000 - 0x00007ffe082f6000 	C:\Program Files\Java\jdk1.8.0_192\jre\bin\zip.dll
0x00007ffe0e720000 - 0x00007ffe0ee05000 	C:\WINDOWS\System32\SHELL32.dll
0x00007ffe0e4e0000 - 0x00007ffe0e589000 	C:\WINDOWS\System32\shcore.dll
0x00007ffe0c6b0000 - 0x00007ffe0ce2e000 	C:\WINDOWS\System32\windows.storage.dll
0x00007ffe0c670000 - 0x00007ffe0c68f000 	C:\WINDOWS\System32\profapi.dll
0x00007ffe0c600000 - 0x00007ffe0c64a000 	C:\WINDOWS\System32\powrprof.dll
0x00007ffe0c5f0000 - 0x00007ffe0c600000 	C:\WINDOWS\System32\UMPDC.dll
0x00007ffe0e460000 - 0x00007ffe0e4b2000 	C:\WINDOWS\System32\shlwapi.dll
0x00007ffe0c650000 - 0x00007ffe0c661000 	C:\WINDOWS\System32\kernel.appcore.dll
0x00007ffe0d1b0000 - 0x00007ffe0d1c7000 	C:\WINDOWS\System32\cryptsp.dll

VM Arguments:
jvm_args: -Dclassworlds.conf=C:\Program Files\NetBeans 8.2\java\maven\bin\m2.conf -Dmaven.home=C:\Program Files\NetBeans 8.2\java\maven 
java_command: org.codehaus.plexus.classworlds.launcher.Launcher -Dmaven.ext.class.path=C:\Program Files\NetBeans 8.2\java\maven-nblib\netbeans-eventspy.jar -Dfile.encoding=UTF-8 install
java_class_path (initial): C:\Program Files\NetBeans 8.2\java\maven\boot\plexus-classworlds-2.4.jar
Launcher Type: SUN_STANDARD

Environment Variables:
JAVA_HOME=C:\Program Files\Java\jdk1.8.0_192
PATH=C:\Program Files (x86)\Common Files\Oracle\Java\javapath;C:\WINDOWS\system32;C:\WINDOWS;C:\WINDOWS\System32\Wbem;C:\WINDOWS\System32\WindowsPowerShell\v1.0\;C:\Program Files\PuTTY\;C:\Program Files (x86)\WinSCP\;C:\WINDOWS\System32\OpenSSH\;C:\Program Files (x86)\Intel\Intel(R) Management Engine Components\DAL;C:\Program Files\Intel\Intel(R) Management Engine Components\DAL;C:\Program Files\Git\cmd;C:\xampp\php;C:\ProgramData\ComposerSetup\bin;C:\Users\Spock\AppData\Local\Programs\Python\Python37\Scripts\;C:\Users\Spock\AppData\Local\Programs\Python\Python37\;C:\Users\Spock\AppData\Local\Microsoft\WindowsApps;C:\Program Files\JetBrains\PyCharm Community Edition 2019.1.1\bin;;C:\Program Files\Java\jdk1.8.0_192\bin;;C:\Users\Spock\AppData\Local\Programs\Microsoft VS Code\bin;C:\Users\Spock\AppData\Roaming\Composer\vendor\bin
USERNAME=Spock
OS=Windows_NT
PROCESSOR_IDENTIFIER=Intel64 Family 6 Model 142 Stepping 9, GenuineIntel



---------------  S Y S T E M  ---------------

OS: Windows 10.0 , 64 bit Build 18362 (10.0.18362.329)

CPU:total 4 (initial active 4) (2 cores per cpu, 2 threads per core) family 6 model 142 stepping 9, cmov, cx8, fxsr, mmx, sse, sse2, sse3, ssse3, sse4.1, sse4.2, popcnt, avx, avx2, aes, clmul, erms, 3dnowpref, lzcnt, ht, tsc, tscinvbit, bmi1, bmi2, adx

Memory: 4k page, physical 8165168k(2369372k free), swap 33330992k(3192k free)

vm_info: Java HotSpot(TM) 64-Bit Server VM (25.192-b12) for windows-amd64 JRE (1.8.0_192-b12), built on Oct  6 2018 17:12:23 by "java_re" with MS VC++ 10.0 (VS2010)

time: Wed Jun 24 18:09:03 2020
timezone: Hora oficial do Brasil
elapsed time: 0 seconds (0d 0h 0m 0s)

