#
# There is insufficient memory for the Java Runtime Environment to continue.
# Native memory allocation (malloc) failed to allocate 1048576 bytes for AllocateHeap
# Possible reasons:
#   The system is out of physical RAM or swap space
#   The process is running with CompressedOops enabled, and the Java Heap may be blocking the growth of the native heap
# Possible solutions:
#   Reduce memory load on the system
#   Increase physical memory or swap space
#   Check if swap backing store is full
#   Decrease Java heap size (-Xmx/-Xms)
#   Decrease number of Java threads
#   Decrease Java thread stack sizes (-Xss)
#   Set larger code cache with -XX:ReservedCodeCacheSize=
#   JVM is running with Unscaled Compressed Oops mode in which the Java heap is
#     placed in the first 4GB address space. The Java Heap base address is the
#     maximum limit for the native heap growth. Please use -XX:HeapBaseMinAddress
#     to set the Java Heap base and to place the Java Heap above 4GB virtual address.
# This output file may be truncated or incomplete.
#
#  Out of Memory Error (memory/allocation.inline.hpp:61), pid=29456, tid=0x0000000000005bb4
#
# JRE version:  (8.0_192-b12) (build )
# Java VM: Java HotSpot(TM) 64-Bit Server VM (25.192-b12 mixed mode windows-amd64 compressed oops)
# Failed to write core dump. Minidumps are not enabled by default on client versions of Windows
#

---------------  T H R E A D  ---------------

Current thread (0x0000000002e82800):  JavaThread "Unknown thread" [_thread_in_vm, id=23476, stack(0x0000000002d60000,0x0000000002e60000)]

Stack: [0x0000000002d60000,0x0000000002e60000]
[error occurred during error reporting (printing stack bounds), id 0xc0000005]

Native frames: (J=compiled Java code, j=interpreted, Vv=VM code, C=native code)


---------------  P R O C E S S  ---------------

Java Threads: ( => current thread )

Other Threads:

=>0x0000000002e82800 (exited) JavaThread "Unknown thread" [_thread_in_vm, id=23476, stack(0x0000000002d60000,0x0000000002e60000)]

VM state:not at safepoint (normal execution)

VM Mutex/Monitor currently owned by a thread: None

heap address: 0x0000000083600000, size: 1994 MB, Compressed Oops mode: 32-bit
Narrow klass base: 0x0000000000000000, Narrow klass shift: 3
Compressed class space size: 1073741824 Address: 0x0000000100000000

Heap:
 PSYoungGen      total 37888K, used 655K [0x00000000d6780000, 0x00000000d9180000, 0x0000000100000000)
  eden space 32768K, 2% used [0x00000000d6780000,0x00000000d6823d80,0x00000000d8780000)
  from space 5120K, 0% used [0x00000000d8c80000,0x00000000d8c80000,0x00000000d9180000)
  to   space 5120K, 0% used [0x00000000d8780000,0x00000000d8780000,0x00000000d8c80000)
 ParOldGen       total 86016K, used 0K [0x0000000083600000, 0x0000000088a00000, 0x00000000d6780000)
  object space 86016K, 0% used [0x0000000083600000,0x0000000083600000,0x0000000088a00000)
 Metaspace       used 786K, capacity 1156K, committed 1408K, reserved 1060864K
  class space    used 76K, capacity 384K, committed 384K, reserved 1048576K

Card table byte_map: [0x00000000123d0000,0x00000000127c0000] byte_map_base: 0x0000000011fb5000

Marking Bits: (ParMarkBitMap*) 0x0000000054953ce0
 Begin Bits: [0x0000000012e60000, 0x0000000014d88000)
 End Bits:   [0x0000000014d88000, 0x0000000016cb0000)

Polling page: 0x00000000010d0000

CodeCache: size=245760Kb used=328Kb max_used=328Kb free=245431Kb
 bounds [0x0000000003010000, 0x0000000003280000, 0x0000000012010000]
 total_blobs=58 nmethods=0 adapters=38
 compilation: enabled

Compilation events (0 events):
No events

GC Heap History (0 events):
No events

Deoptimization events (0 events):
No events

Classes redefined (0 events):
No events

Internal exceptions (0 events):
No events

Events (10 events):
Event: 0.029 loading class java/lang/Short
Event: 0.029 loading class java/lang/Short done
Event: 0.029 loading class java/lang/Integer
Event: 0.029 loading class java/lang/Integer done
Event: 0.029 loading class java/lang/Long
Event: 0.029 loading class java/lang/Long done
Event: 0.030 loading class java/lang/NullPointerException
Event: 0.030 loading class java/lang/NullPointerException done
Event: 0.030 loading class java/lang/ArithmeticException
Event: 0.030 loading class java/lang/ArithmeticException done


Dynamic libraries:
0x00007ff60a5a0000 - 0x00007ff60a5d7000 	C:\Program Files\Java\jdk1.8.0_192\jre\bin\java.exe
0x00007ffa97940000 - 0x00007ffa97b30000 	C:\WINDOWS\SYSTEM32\ntdll.dll
0x00007ffa97510000 - 0x00007ffa975c2000 	C:\WINDOWS\System32\KERNEL32.DLL
0x00007ffa94c60000 - 0x00007ffa94f03000 	C:\WINDOWS\System32\KERNELBASE.dll
0x00007ffa97400000 - 0x00007ffa974a3000 	C:\WINDOWS\System32\ADVAPI32.dll
0x00007ffa97780000 - 0x00007ffa9781e000 	C:\WINDOWS\System32\msvcrt.dll
0x00007ffa972b0000 - 0x00007ffa97347000 	C:\WINDOWS\System32\sechost.dll
0x00007ffa96690000 - 0x00007ffa967b0000 	C:\WINDOWS\System32\RPCRT4.dll
0x00007ffa96f80000 - 0x00007ffa97114000 	C:\WINDOWS\System32\USER32.dll
0x00007ffa94930000 - 0x00007ffa94951000 	C:\WINDOWS\System32\win32u.dll
0x00007ffa96b40000 - 0x00007ffa96b66000 	C:\WINDOWS\System32\GDI32.dll
0x00007ffa94fd0000 - 0x00007ffa95164000 	C:\WINDOWS\System32\gdi32full.dll
0x00007ffa94f30000 - 0x00007ffa94fce000 	C:\WINDOWS\System32\msvcp_win.dll
0x00007ffa94960000 - 0x00007ffa94a5a000 	C:\WINDOWS\System32\ucrtbase.dll
0x00007ffa85130000 - 0x00007ffa853b5000 	C:\WINDOWS\WinSxS\amd64_microsoft.windows.common-controls_6595b64144ccf1df_6.0.18362.476_none_e6c4b11b130f2595\COMCTL32.dll
0x00007ffa96b70000 - 0x00007ffa96ea6000 	C:\WINDOWS\System32\combase.dll
0x00007ffa951f0000 - 0x00007ffa95270000 	C:\WINDOWS\System32\bcryptPrimitives.dll
0x00007ffa97140000 - 0x00007ffa9716e000 	C:\WINDOWS\System32\IMM32.DLL
0x0000000054050000 - 0x0000000054121000 	C:\Program Files\Java\jdk1.8.0_192\jre\bin\msvcr100.dll
0x0000000054130000 - 0x00000000549d3000 	C:\Program Files\Java\jdk1.8.0_192\jre\bin\server\jvm.dll
0x00007ffa96b30000 - 0x00007ffa96b38000 	C:\WINDOWS\System32\PSAPI.DLL
0x00007ffa853c0000 - 0x00007ffa853c9000 	C:\WINDOWS\SYSTEM32\WSOCK32.dll
0x00007ffa96eb0000 - 0x00007ffa96f1f000 	C:\WINDOWS\System32\WS2_32.dll
0x00007ffa91120000 - 0x00007ffa91144000 	C:\WINDOWS\SYSTEM32\WINMM.dll
0x00007ffa8aec0000 - 0x00007ffa8aeca000 	C:\WINDOWS\SYSTEM32\VERSION.dll
0x00007ffa910f0000 - 0x00007ffa9111d000 	C:\WINDOWS\SYSTEM32\WINMMBASE.dll
0x00007ffa95170000 - 0x00007ffa951ba000 	C:\WINDOWS\System32\cfgmgr32.dll
0x00007ffa87910000 - 0x00007ffa8791f000 	C:\Program Files\Java\jdk1.8.0_192\jre\bin\verify.dll
0x00007ffa87050000 - 0x00007ffa87079000 	C:\Program Files\Java\jdk1.8.0_192\jre\bin\java.dll
0x00007ffa86770000 - 0x00007ffa86786000 	C:\Program Files\Java\jdk1.8.0_192\jre\bin\zip.dll

VM Arguments:
java_command: C:\Users\Spock\Documents\Mestrado\RiographxDragance\target\surefire\surefirebooter7648552347991059781.jar C:\Users\Spock\Documents\Mestrado\RiographxDragance\target\surefire\surefire7594233333465620105tmp C:\Users\Spock\Documents\Mestrado\RiographxDragance\target\surefire\surefire4294143980606374603tmp
java_class_path (initial): C:\Users\Spock\Documents\Mestrado\RiographxDragance\target\surefire\surefirebooter7648552347991059781.jar
Launcher Type: SUN_STANDARD

Environment Variables:
JAVA_HOME=C:\Program Files\Java\jdk1.8.0_192
PATH=C:\Program Files (x86)\Common Files\Oracle\Java\javapath;C:\WINDOWS\system32;C:\WINDOWS;C:\WINDOWS\System32\Wbem;C:\WINDOWS\System32\WindowsPowerShell\v1.0\;C:\Program Files\PuTTY\;C:\Program Files (x86)\WinSCP\;C:\WINDOWS\System32\OpenSSH\;C:\Program Files (x86)\Intel\Intel(R) Management Engine Components\DAL;C:\Program Files\Intel\Intel(R) Management Engine Components\DAL;C:\Program Files\Git\cmd;C:\xampp\php;C:\ProgramData\ComposerSetup\bin;C:\Users\Spock\AppData\Local\Programs\Python\Python37\Scripts\;C:\Users\Spock\AppData\Local\Programs\Python\Python37\;C:\Users\Spock\AppData\Local\Microsoft\WindowsApps;C:\Program Files\JetBrains\PyCharm Community Edition 2019.1.1\bin;;C:\Program Files\Java\jdk1.8.0_192\bin;;C:\Users\Spock\AppData\Local\Programs\Microsoft VS Code\bin;C:\Users\Spock\AppData\Roaming\Composer\vendor\bin
USERNAME=Spock
OS=Windows_NT
PROCESSOR_IDENTIFIER=Intel64 Family 6 Model 142 Stepping 9, GenuineIntel



---------------  S Y S T E M  ---------------

OS: Windows 10.0 , 64 bit Build 18362 (10.0.18362.329)

CPU:total 4 (initial active 4) (2 cores per cpu, 2 threads per core) family 6 model 142 stepping 9, cmov, cx8, fxsr, mmx, sse, sse2, sse3, ssse3, sse4.1, sse4.2, popcnt, avx, avx2, aes, clmul, erms, 3dnowpref, lzcnt, ht, tsc, tscinvbit, bmi1, bmi2, adx

Memory: 4k page, physical 8165168k(2204216k free), swap 33330992k(5800k free)

vm_info: Java HotSpot(TM) 64-Bit Server VM (25.192-b12) for windows-amd64 JRE (1.8.0_192-b12), built on Oct  6 2018 17:12:23 by "java_re" with MS VC++ 10.0 (VS2010)

time: Fri Jul 03 21:39:46 2020
timezone: Hora oficial do Brasil
elapsed time: 0 seconds (0d 0h 0m 0s)

